<?xml version="1.0" encoding="UTF-8"?>
<!-- Generated by org.testng.reporters.JUnitXMLReporter -->
<testsuite ignored="0" hostname="anitas-mbp.lan" failures="3" tests="7" name="opencartTest" time="88.12" errors="0" timestamp="2023-03-09T10:47:59 CET">
  <testcase classname="testCases.TC_001_AccountRegister" name="test_account_register" time="13.002">
    <failure type="java.lang.AssertionError" message="null">
      <![CDATA[java.lang.AssertionError: null
at testCases.TC_001_AccountRegister.test_account_register(TC_001_AccountRegister.java:66)
at java.base/java.util.ArrayList.forEach(ArrayList.java:1511)
... Removed 31 stack frames]]>
    </failure>
  </testcase> <!-- test_account_register -->
  <testcase classname="testCases.TC_002_LoginTest" name="test_Login" time="10.545">
    <failure type="java.lang.AssertionError" message="expected:&amp;lt;false&amp;gt; but was:&amp;lt;true&amp;gt;">
      <![CDATA[java.lang.AssertionError: expected:<false> but was:<true>
at testCases.TC_002_LoginTest.test_Login(TC_002_LoginTest.java:44)
at java.base/java.util.ArrayList.forEach(ArrayList.java:1511)
... Removed 34 stack frames]]>
    </failure>
  </testcase> <!-- test_Login -->
  <testcase classname="testCases.TC_OO3_LoginDDT" name="logintest" time="10.534"/>
  <testcase classname="testCases.TC_OO3_LoginDDT" name="logintest" time="10.47"/>
  <testcase classname="testCases.TC_OO3_LoginDDT" name="logintest" time="10.514"/>
  <testcase classname="testCases.TC_OO3_LoginDDT" name="logintest" time="10.644"/>
  <testcase classname="testCases.TC_OO3_LoginDDT" name="logintest" time="10.65">
    <failure type="java.lang.AssertionError" message="expected [true] but found [false]">
      <![CDATA[java.lang.AssertionError: expected [true] but found [false]
at testCases.TC_OO3_LoginDDT.logintest(TC_OO3_LoginDDT.java:47)
at java.base/java.util.ArrayList.forEach(ArrayList.java:1511)
... Removed 33 stack frames]]>
    </failure>
  </testcase> <!-- logintest -->
</testsuite> <!-- opencartTest -->
